<?xml version="1.0" encoding="UTF-8"?>
<testsuite xmlns:xsi="http://www.w3.org/2001/XMLSchema-instance" xsi:noNamespaceSchemaLocation="https://maven.apache.org/surefire/maven-surefire-plugin/xsd/surefire-test-report.xsd" version="3.0.2" name="com.kumarnitin.module1introduction.Module1introductionApplicationTests" time="5.42" tests="1" errors="0" skipped="0" failures="0" flakes="0">
  <properties>
[...]
</properties>
  <testcase name="contextLoads" classname="com.kumarnitin.module1introduction.Module1introductionApplicationTests" time="1.319">
    <system-out><![CDATA[09:32:08.095 [main] INFO org.springframework.test.context.support.AnnotationConfigContextLoaderUtils -- Could not detect default configuration classes for test class [com.kumarnitin.module1introduction.Module1introductionApplicationTests]: Module1introductionApplicationTests does not declare any static, non-private, non-final, nested classes annotated with @Configuration.
09:32:08.297 [main] INFO org.springframework.boot.test.context.SpringBootTestContextBootstrapper -- Found @SpringBootConfiguration com.kumarnitin.module1introduction.Module1introductionApplication for test class com.kumarnitin.module1introduction.Module1introductionApplicationTests
09:32:08.469 [main] INFO org.springframework.test.context.support.AnnotationConfigContextLoaderUtils -- Could not detect default configuration classes for test class [com.kumarnitin.module1introduction.Module1introductionApplicationTests]: Module1introductionApplicationTests does not declare any static, non-private, non-final, nested classes annotated with @Configuration.
09:32:08.471 [main] INFO org.springframework.boot.test.context.SpringBootTestContextBootstrapper -- Found @SpringBootConfiguration com.kumarnitin.module1introduction.Module1introductionApplication for test class com.kumarnitin.module1introduction.Module1introductionApplicationTests

  .   ____          _            __ _ _
 /\\ / ___'_ __ _ _(_)_ __  __ _ \ \ \ \
( ( )\___ | '_ | '_| | '_ \/ _` | \ \ \ \
 \\/  ___)| |_)| | | | | || (_| |  ) ) ) )
  '  |____| .__|_| |_|_| |_\__, | / / / /
 =========|_|==============|___/=/_/_/_/

 :: Spring Boot ::                (v4.0.6)

2026-06-12T09:32:09.251+05:30  INFO 3252 --- [module1introduction] [           main] .k.m.Module1introductionApplicationTests : Starting Module1introductionApplicationTests using Java 17.0.10 with PID 3252 (started by KIIT in D:\Software_Engineer(Kumar_Nitin)\Development\1. Spring and Spring Boot\1. Introduction to Spring and Spring Boot\Code\module1introduction)
2026-06-12T09:32:09.254+05:30  INFO 3252 --- [module1introduction] [           main] .k.m.Module1introductionApplicationTests : No active profile set, falling back to 1 default profile: "default"
Before paying.
2026-06-12T09:32:11.753+05:30  INFO 3252 --- [module1introduction] [           main] .k.m.Module1introductionApplicationTests : Started Module1introductionApplicationTests in 3.101 seconds (process running for 5.438)
Email sending... Hello
Nitin is running tests
]]></system-out>
  </testcase>
</testsuite>